<?xml version="1.0" encoding="UTF-8"?>
<testsuites name="test suit" time="39" tests="0" failures="1" errors="0">
   <testsuite name="test suit" tests="0" failures="1" errors="0" time="39" timestamp="2018-09-19 14:54:51" hostname="rasikama - MUM-SOFT-RASIKA.JDial.com" id="Test Suites/test suit">
      <properties>
         <property name="deviceName" value=""/>
         <property name="devicePlatform" value=""/>
         <property name="logFolder" value="C:\\Users\\rasikama\\Katalon Studio\\test\\Reports\\test suit\\20180919_145448"/>
         <property name="logFiles" value="C:\\Users\\rasikama\\Katalon Studio\\test\\Reports\\test suit\\20180919_145448\\execution0.log"/>
         <property name="attachments" value="C:\\Users\\rasikama\\Katalon Studio\\test\\Reports\\test suit\\20180919_145448\\1537349129388.png"/>
         <property name="hostName" value="rasikama - MUM-SOFT-RASIKA.JDial.com"/>
         <property name="os" value="Windows 10 64bit"/>
         <property name="katalonVersion" value="5.6.1.1"/>
         <property name="browser" value="Chrome 68.0.3440.106"/>
         <property name="hostAddress" value="172.29.132.66"/>
         <property name="sessionId" value="718494431975558f0e004dd6502e3a82"/>
         <property name="seleniumVersion" value="3.7.1"/>
         <property name="proxyInformation" value="ProxyInformation{proxyOption=NO_PROXY, proxyServerType=HTTP, password=, proxyServerAddress=, proxyServerPort=0}"/>
         <property name="platform" value="Windows 10"/>
      </properties>
      <testcase name="Test Cases/Purchase_Order" classname="Test Cases/Purchase_Order" status="FAILED">
         <failure type="FAILED" message="Unable to wait for object 'Object Repository/Add a Product/category_suggestions' to be visible (Root cause: org.openqa.selenium.StaleElementReferenceException: stale element reference: element is not attached to the page document
  (Session info: chrome=68.0.3440.106)
  (Driver info: chromedriver=2.35.528161 (5b82f2d2aae0ca24b877009200ced9065a772e73),platform=Windows NT 10.0.17134 x86_64) (WARNING: The server did not provide any stacktrace information)
Command duration or timeout: 0 milliseconds
For documentation on this error, please visit: http://seleniumhq.org/exceptions/stale_element_reference.html
Build info: version: '3.7.1', revision: '8a0099a', time: '2017-11-06T21:07:36.161Z'
System info: host: 'MUM-SOFT-RASIKA', ip: '172.29.132.66', os.name: 'Windows 10', os.arch: 'amd64', os.version: '10.0', java.version: '1.8.0_181'
Driver info: com.kms.katalon.selenium.driver.CChromeDriver
Capabilities {acceptInsecureCerts: false, acceptSslCerts: false, applicationCacheEnabled: false, browserConnectionEnabled: false, browserName: chrome, chrome: {chromedriverVersion: 2.35.528161 (5b82f2d2aae0ca..., userDataDir: C:\Users\rasikama\AppData\L...}, cssSelectorsEnabled: true, databaseEnabled: false, handlesAlerts: true, hasTouchScreen: false, javascriptEnabled: true, locationContextEnabled: true, mobileEmulationEnabled: false, nativeEvents: true, networkConnectionEnabled: false, pageLoadStrategy: normal, platform: XP, platformName: XP, rotatable: false, setWindowRect: true, takesHeapSnapshot: true, takesScreenshot: true, unexpectedAlertBehaviour: , unhandledPromptBehavior: , version: 68.0.3440.106, webStorageEnabled: true}
Session ID: 718494431975558f0e004dd6502e3a82)"/>
         <system-out><![CDATA[2018-09-19 14:54:51 - [TEST_CASE][FAILED] - Test Cases/Purchase_Order: Test Cases/Purchase_Order FAILED because (of) Unable to wait for object 'Object Repository/Add a Product/category_suggestions' to be visible (Root cause: org.openqa.selenium.StaleElementReferenceException: stale element reference: element is not attached to the page document
  (Session info: chrome=68.0.3440.106)
  (Driver info: chromedriver=2.35.528161 (5b82f2d2aae0ca24b877009200ced9065a772e73),platform=Windows NT 10.0.17134 x86_64) (WARNING: The server did not provide any stacktrace information)
Command duration or timeout: 0 milliseconds
For documentation on this error, please visit: http://seleniumhq.org/exceptions/stale_element_reference.html
Build info: version: '3.7.1', revision: '8a0099a', time: '2017-11-06T21:07:36.161Z'
System info: host: 'MUM-SOFT-RASIKA', ip: '172.29.132.66', os.name: 'Windows 10', os.arch: 'amd64', os.version: '10.0', java.version: '1.8.0_181'
Driver info: com.kms.katalon.selenium.driver.CChromeDriver
Capabilities {acceptInsecureCerts: false, acceptSslCerts: false, applicationCacheEnabled: false, browserConnectionEnabled: false, browserName: chrome, chrome: {chromedriverVersion: 2.35.528161 (5b82f2d2aae0ca..., userDataDir: C:\Users\rasikama\AppData\L...}, cssSelectorsEnabled: true, databaseEnabled: false, handlesAlerts: true, hasTouchScreen: false, javascriptEnabled: true, locationContextEnabled: true, mobileEmulationEnabled: false, nativeEvents: true, networkConnectionEnabled: false, pageLoadStrategy: normal, platform: XP, platformName: XP, rotatable: false, setWindowRect: true, takesHeapSnapshot: true, takesScreenshot: true, unexpectedAlertBehaviour: , unhandledPromptBehavior: , version: 68.0.3440.106, webStorageEnabled: true}
Session ID: 718494431975558f0e004dd6502e3a82)

2018-09-19 14:54:52 - [TEST_STEP][PASSED] - openBrowser: Browser is opened with url: ''

2018-09-19 14:54:55 - [MESSAGE][PASSED] - Browser is opened with url: ''

2018-09-19 14:54:55 - [TEST_STEP][PASSED] - navigateToUrl: Navigate to 'https://www.jdomni.com/' successfully

2018-09-19 14:55:02 - [MESSAGE][PASSED] - Navigate to 'https://www.jdomni.com/' successfully

2018-09-19 14:55:02 - [TEST_STEP][PASSED] - waitForElementPresent: Object 'Object Repository/Jd Omni_LoginPage/input_password' is present

2018-09-19 14:55:03 - [MESSAGE][PASSED] - Object 'Object Repository/Jd Omni_LoginPage/input_password' is present

2018-09-19 14:55:03 - [TEST_STEP][PASSED] - setText: Text '9987419837' is set on object 'Object Repository/Jd Omni_LoginPage/input_username'

2018-09-19 14:55:04 - [MESSAGE][PASSED] - Text '9987419837' is set on object 'Object Repository/Jd Omni_LoginPage/input_username'

2018-09-19 14:55:04 - [TEST_STEP][PASSED] - setText: Text 'password' is set on object 'Object Repository/Jd Omni_LoginPage/input_password'

2018-09-19 14:55:04 - [MESSAGE][PASSED] - Text 'password' is set on object 'Object Repository/Jd Omni_LoginPage/input_password'

2018-09-19 14:55:04 - [TEST_STEP][PASSED] - click: Object: 'Object Repository/Jd Omni_LoginPage/button_LOGIN' is clicked on

2018-09-19 14:55:04 - [MESSAGE][PASSED] - Object: 'Object Repository/Jd Omni_LoginPage/button_LOGIN' is clicked on

2018-09-19 14:55:04 - [TEST_STEP][PASSED] - click: Object: 'Object Repository/Page_Supplier Login/span_Rasika_Travels' is clicked on

2018-09-19 14:55:06 - [MESSAGE][PASSED] - Object: 'Object Repository/Page_Supplier Login/span_Rasika_Travels' is clicked on

2018-09-19 14:55:06 - [TEST_STEP][PASSED] - click: Object: 'Object Repository/Page_Supplier Login/span_Select Store' is clicked on

2018-09-19 14:55:06 - [MESSAGE][PASSED] - Object: 'Object Repository/Page_Supplier Login/span_Select Store' is clicked on

2018-09-19 14:55:06 - [TEST_STEP][NOT_RUN] - waitForElementPresent: NOT_RUN: waitForElementPresent

2018-09-19 14:55:06 - [MESSAGE][NOT_RUN] - NOT_RUN: waitForElementPresent

2018-09-19 14:55:06 - [TEST_STEP][PASSED] - waitForElementVisible: Object 'Object Repository/Home_Page/notification modal (1)' is visible

2018-09-19 14:55:17 - [MESSAGE][PASSED] - Object 'Object Repository/Home_Page/notification modal (1)' is visible

2018-09-19 14:55:17 - [TEST_STEP][PASSED] - waitForPageLoad: Wait for page load successfully

2018-09-19 14:55:17 - [MESSAGE][PASSED] - Wait for page load successfully

2018-09-19 14:55:17 - [TEST_STEP][PASSED] - click: Object: 'Object Repository/Home_Page/button_NOT NOW' is clicked on

2018-09-19 14:55:17 - [MESSAGE][PASSED] - Object: 'Object Repository/Home_Page/button_NOT NOW' is clicked on

2018-09-19 14:55:17 - [TEST_STEP][PASSED] - click: Object: 'Object Repository/Home_Page/side Menu burger' is clicked on

2018-09-19 14:55:17 - [MESSAGE][PASSED] - Object: 'Object Repository/Home_Page/side Menu burger' is clicked on

2018-09-19 14:55:17 - [TEST_STEP][PASSED] - waitForElementVisible: Object 'Object Repository/Home_Page/span_Stock' is visible

2018-09-19 14:55:18 - [MESSAGE][PASSED] - Object 'Object Repository/Home_Page/span_Stock' is visible

2018-09-19 14:55:18 - [TEST_STEP][PASSED] - click: Object: 'Object Repository/Home_Page/span_Stock' is clicked on

2018-09-19 14:55:18 - [MESSAGE][PASSED] - Object: 'Object Repository/Home_Page/span_Stock' is clicked on

2018-09-19 14:55:18 - [TEST_STEP][PASSED] - click: Object: 'Object Repository/Page_Rasika_Travels/span_Purchases' is clicked on

2018-09-19 14:55:19 - [MESSAGE][PASSED] - Object: 'Object Repository/Page_Rasika_Travels/span_Purchases' is clicked on

2018-09-19 14:55:19 - [TEST_STEP][PASSED] - waitForElementNotVisible: Object 'Object Repository/Add a Product/landingPageLoader' is NOT visible

2018-09-19 14:55:20 - [MESSAGE][PASSED] - Object 'Object Repository/Add a Product/landingPageLoader' is NOT visible

2018-09-19 14:55:20 - [TEST_STEP][PASSED] - click: Object: 'Object Repository/Purchases Landing/div_Add Purchase' is clicked on

2018-09-19 14:55:20 - [MESSAGE][PASSED] - Object: 'Object Repository/Purchases Landing/div_Add Purchase' is clicked on

2018-09-19 14:55:20 - [TEST_STEP][PASSED] - setText: Text 'rasika' is set on object 'Object Repository/Add Purchase Order/Search Supplier field'

2018-09-19 14:55:21 - [MESSAGE][PASSED] - Text 'rasika' is set on object 'Object Repository/Add Purchase Order/Search Supplier field'

2018-09-19 14:55:21 - [TEST_STEP][PASSED] - waitForElementNotVisible: Object 'Object Repository/Add a Product/landingPageLoader' is NOT visible

2018-09-19 14:55:24 - [MESSAGE][PASSED] - Object 'Object Repository/Add a Product/landingPageLoader' is NOT visible

2018-09-19 14:55:24 - [TEST_STEP][PASSED] - waitForElementVisible: Object 'Object Repository/Add Purchase Order/supplier Suggestion ' is visible

2018-09-19 14:55:24 - [MESSAGE][PASSED] - Object 'Object Repository/Add Purchase Order/supplier Suggestion ' is visible

2018-09-19 14:55:24 - [TEST_STEP][PASSED] - click: Object: 'Object Repository/Add Purchase Order/supplier Suggestion ' is clicked on

2018-09-19 14:55:24 - [MESSAGE][PASSED] - Object: 'Object Repository/Add Purchase Order/supplier Suggestion ' is clicked on

2018-09-19 14:55:24 - [TEST_STEP][PASSED] - click: Object: 'Object Repository/Add Purchase Order/cross iocn of select prod-supp' is clicked on

2018-09-19 14:55:24 - [MESSAGE][PASSED] - Object: 'Object Repository/Add Purchase Order/cross iocn of select prod-supp' is clicked on

2018-09-19 14:55:24 - [TEST_STEP][PASSED] - setText: Text 'mango' is set on object 'Object Repository/Add Purchase Order/input_searchTermId'

2018-09-19 14:55:24 - [MESSAGE][PASSED] - Text 'mango' is set on object 'Object Repository/Add Purchase Order/input_searchTermId'

2018-09-19 14:55:24 - [TEST_STEP][PASSED] - click: Object: 'Object Repository/Add Purchase Order/p_mango ( l - blue ) -' is clicked on

2018-09-19 14:55:25 - [MESSAGE][PASSED] - Object: 'Object Repository/Add Purchase Order/p_mango ( l - blue ) -' is clicked on

2018-09-19 14:55:25 - [TEST_STEP][PASSED] - setText: Text 'new products' is set on object 'Object Repository/Add Purchase Order/input_searchTermId'

2018-09-19 14:55:26 - [MESSAGE][PASSED] - Text 'new products' is set on object 'Object Repository/Add Purchase Order/input_searchTermId'

2018-09-19 14:55:26 - [TEST_STEP][PASSED] - waitForElementVisible: Object 'Object Repository/Add Purchase Order/li_Create New Product new prod' is visible

2018-09-19 14:55:27 - [MESSAGE][PASSED] - Object 'Object Repository/Add Purchase Order/li_Create New Product new prod' is visible

2018-09-19 14:55:27 - [TEST_STEP][PASSED] - click: Object: 'Object Repository/Add Purchase Order/li_Create New Product new prod' is clicked on

2018-09-19 14:55:27 - [MESSAGE][PASSED] - Object: 'Object Repository/Add Purchase Order/li_Create New Product new prod' is clicked on

2018-09-19 14:55:27 - [TEST_STEP][PASSED] - waitForElementVisible: Object 'Object Repository/Add a Product/create new product' is visible

2018-09-19 14:55:28 - [MESSAGE][PASSED] - Object 'Object Repository/Add a Product/create new product' is visible

2018-09-19 14:55:28 - [TEST_STEP][PASSED] - click: Object: 'Object Repository/Add a Product/create new product' is clicked on

2018-09-19 14:55:28 - [MESSAGE][PASSED] - Object: 'Object Repository/Add a Product/create new product' is clicked on

2018-09-19 14:55:28 - [TEST_STEP][PASSED] - setText: Text 'others' is set on object 'Object Repository/Add Purchase Order/input_inputCatSearchTerm'

2018-09-19 14:55:29 - [MESSAGE][PASSED] - Text 'others' is set on object 'Object Repository/Add Purchase Order/input_inputCatSearchTerm'

2018-09-19 14:55:29 - [TEST_STEP][FAILED] - waitForElementVisible: Unable to wait for object 'Object Repository/Add a Product/category_suggestions' to be visible (Root cause: org.openqa.selenium.StaleElementReferenceException: stale element reference: element is not attached to the page document
  (Session info: chrome=68.0.3440.106)
  (Driver info: chromedriver=2.35.528161 (5b82f2d2aae0ca24b877009200ced9065a772e73),platform=Windows NT 10.0.17134 x86_64) (WARNING: The server did not provide any stacktrace information)
Command duration or timeout: 0 milliseconds
For documentation on this error, please visit: http://seleniumhq.org/exceptions/stale_element_reference.html
Build info: version: '3.7.1', revision: '8a0099a', time: '2017-11-06T21:07:36.161Z'
System info: host: 'MUM-SOFT-RASIKA', ip: '172.29.132.66', os.name: 'Windows 10', os.arch: 'amd64', os.version: '10.0', java.version: '1.8.0_181'
Driver info: com.kms.katalon.selenium.driver.CChromeDriver
Capabilities {acceptInsecureCerts: false, acceptSslCerts: false, applicationCacheEnabled: false, browserConnectionEnabled: false, browserName: chrome, chrome: {chromedriverVersion: 2.35.528161 (5b82f2d2aae0ca..., userDataDir: C:\Users\rasikama\AppData\L...}, cssSelectorsEnabled: true, databaseEnabled: false, handlesAlerts: true, hasTouchScreen: false, javascriptEnabled: true, locationContextEnabled: true, mobileEmulationEnabled: false, nativeEvents: true, networkConnectionEnabled: false, pageLoadStrategy: normal, platform: XP, platformName: XP, rotatable: false, setWindowRect: true, takesHeapSnapshot: true, takesScreenshot: true, unexpectedAlertBehaviour: , unhandledPromptBehavior: , version: 68.0.3440.106, webStorageEnabled: true}
Session ID: 718494431975558f0e004dd6502e3a82)

2018-09-19 14:55:29 - [MESSAGE][FAILED] - Unable to wait for object 'Object Repository/Add a Product/category_suggestions' to be visible (Root cause: org.openqa.selenium.StaleElementReferenceException: stale element reference: element is not attached to the page document
  (Session info: chrome=68.0.3440.106)
  (Driver info: chromedriver=2.35.528161 (5b82f2d2aae0ca24b877009200ced9065a772e73),platform=Windows NT 10.0.17134 x86_64) (WARNING: The server did not provide any stacktrace information)
Command duration or timeout: 0 milliseconds
For documentation on this error, please visit: http://seleniumhq.org/exceptions/stale_element_reference.html
Build info: version: '3.7.1', revision: '8a0099a', time: '2017-11-06T21:07:36.161Z'
System info: host: 'MUM-SOFT-RASIKA', ip: '172.29.132.66', os.name: 'Windows 10', os.arch: 'amd64', os.version: '10.0', java.version: '1.8.0_181'
Driver info: com.kms.katalon.selenium.driver.CChromeDriver
Capabilities {acceptInsecureCerts: false, acceptSslCerts: false, applicationCacheEnabled: false, browserConnectionEnabled: false, browserName: chrome, chrome: {chromedriverVersion: 2.35.528161 (5b82f2d2aae0ca..., userDataDir: C:\Users\rasikama\AppData\L...}, cssSelectorsEnabled: true, databaseEnabled: false, handlesAlerts: true, hasTouchScreen: false, javascriptEnabled: true, locationContextEnabled: true, mobileEmulationEnabled: false, nativeEvents: true, networkConnectionEnabled: false, pageLoadStrategy: normal, platform: XP, platformName: XP, rotatable: false, setWindowRect: true, takesHeapSnapshot: true, takesScreenshot: true, unexpectedAlertBehaviour: , unhandledPromptBehavior: , version: 68.0.3440.106, webStorageEnabled: true}
Session ID: 718494431975558f0e004dd6502e3a82)
[[ATTACHMENT|C:\\Users\\rasikama\\Katalon Studio\\test\\Reports\\test suit\\20180919_145448\\1537349129388.png]]]]></system-out>
         <system-err><![CDATA[2018-09-19 14:54:51 - [TEST_CASE][FAILED] - Test Cases/Purchase_Order: Test Cases/Purchase_Order FAILED because (of) Unable to wait for object 'Object Repository/Add a Product/category_suggestions' to be visible (Root cause: org.openqa.selenium.StaleElementReferenceException: stale element reference: element is not attached to the page document
  (Session info: chrome=68.0.3440.106)
  (Driver info: chromedriver=2.35.528161 (5b82f2d2aae0ca24b877009200ced9065a772e73),platform=Windows NT 10.0.17134 x86_64) (WARNING: The server did not provide any stacktrace information)
Command duration or timeout: 0 milliseconds
For documentation on this error, please visit: http://seleniumhq.org/exceptions/stale_element_reference.html
Build info: version: '3.7.1', revision: '8a0099a', time: '2017-11-06T21:07:36.161Z'
System info: host: 'MUM-SOFT-RASIKA', ip: '172.29.132.66', os.name: 'Windows 10', os.arch: 'amd64', os.version: '10.0', java.version: '1.8.0_181'
Driver info: com.kms.katalon.selenium.driver.CChromeDriver
Capabilities {acceptInsecureCerts: false, acceptSslCerts: false, applicationCacheEnabled: false, browserConnectionEnabled: false, browserName: chrome, chrome: {chromedriverVersion: 2.35.528161 (5b82f2d2aae0ca..., userDataDir: C:\Users\rasikama\AppData\L...}, cssSelectorsEnabled: true, databaseEnabled: false, handlesAlerts: true, hasTouchScreen: false, javascriptEnabled: true, locationContextEnabled: true, mobileEmulationEnabled: false, nativeEvents: true, networkConnectionEnabled: false, pageLoadStrategy: normal, platform: XP, platformName: XP, rotatable: false, setWindowRect: true, takesHeapSnapshot: true, takesScreenshot: true, unexpectedAlertBehaviour: , unhandledPromptBehavior: , version: 68.0.3440.106, webStorageEnabled: true}
Session ID: 718494431975558f0e004dd6502e3a82)]]></system-err>
      </testcase>
      <system-out><![CDATA[2018-09-19 14:54:51 - [TEST_SUITE][FAILED] - test suit: Test Cases/Purchase_Order FAILED because (of) Unable to wait for object 'Object Repository/Add a Product/category_suggestions' to be visible (Root cause: org.openqa.selenium.StaleElementReferenceException: stale element reference: element is not attached to the page document
  (Session info: chrome=68.0.3440.106)
  (Driver info: chromedriver=2.35.528161 (5b82f2d2aae0ca24b877009200ced9065a772e73),platform=Windows NT 10.0.17134 x86_64) (WARNING: The server did not provide any stacktrace information)
Command duration or timeout: 0 milliseconds
For documentation on this error, please visit: http://seleniumhq.org/exceptions/stale_element_reference.html
Build info: version: '3.7.1', revision: '8a0099a', time: '2017-11-06T21:07:36.161Z'
System info: host: 'MUM-SOFT-RASIKA', ip: '172.29.132.66', os.name: 'Windows 10', os.arch: 'amd64', os.version: '10.0', java.version: '1.8.0_181'
Driver info: com.kms.katalon.selenium.driver.CChromeDriver
Capabilities {acceptInsecureCerts: false, acceptSslCerts: false, applicationCacheEnabled: false, browserConnectionEnabled: false, browserName: chrome, chrome: {chromedriverVersion: 2.35.528161 (5b82f2d2aae0ca..., userDataDir: C:\Users\rasikama\AppData\L...}, cssSelectorsEnabled: true, databaseEnabled: false, handlesAlerts: true, hasTouchScreen: false, javascriptEnabled: true, locationContextEnabled: true, mobileEmulationEnabled: false, nativeEvents: true, networkConnectionEnabled: false, pageLoadStrategy: normal, platform: XP, platformName: XP, rotatable: false, setWindowRect: true, takesHeapSnapshot: true, takesScreenshot: true, unexpectedAlertBehaviour: , unhandledPromptBehavior: , version: 68.0.3440.106, webStorageEnabled: true}
Session ID: 718494431975558f0e004dd6502e3a82)]]></system-out>
      <system-err><![CDATA[2018-09-19 14:54:51 - [TEST_SUITE][FAILED] - test suit: Test Cases/Purchase_Order FAILED because (of) Unable to wait for object 'Object Repository/Add a Product/category_suggestions' to be visible (Root cause: org.openqa.selenium.StaleElementReferenceException: stale element reference: element is not attached to the page document
  (Session info: chrome=68.0.3440.106)
  (Driver info: chromedriver=2.35.528161 (5b82f2d2aae0ca24b877009200ced9065a772e73),platform=Windows NT 10.0.17134 x86_64) (WARNING: The server did not provide any stacktrace information)
Command duration or timeout: 0 milliseconds
For documentation on this error, please visit: http://seleniumhq.org/exceptions/stale_element_reference.html
Build info: version: '3.7.1', revision: '8a0099a', time: '2017-11-06T21:07:36.161Z'
System info: host: 'MUM-SOFT-RASIKA', ip: '172.29.132.66', os.name: 'Windows 10', os.arch: 'amd64', os.version: '10.0', java.version: '1.8.0_181'
Driver info: com.kms.katalon.selenium.driver.CChromeDriver
Capabilities {acceptInsecureCerts: false, acceptSslCerts: false, applicationCacheEnabled: false, browserConnectionEnabled: false, browserName: chrome, chrome: {chromedriverVersion: 2.35.528161 (5b82f2d2aae0ca..., userDataDir: C:\Users\rasikama\AppData\L...}, cssSelectorsEnabled: true, databaseEnabled: false, handlesAlerts: true, hasTouchScreen: false, javascriptEnabled: true, locationContextEnabled: true, mobileEmulationEnabled: false, nativeEvents: true, networkConnectionEnabled: false, pageLoadStrategy: normal, platform: XP, platformName: XP, rotatable: false, setWindowRect: true, takesHeapSnapshot: true, takesScreenshot: true, unexpectedAlertBehaviour: , unhandledPromptBehavior: , version: 68.0.3440.106, webStorageEnabled: true}
Session ID: 718494431975558f0e004dd6502e3a82)]]></system-err>
   </testsuite>
</testsuites>
