<?xml version="1.0" encoding="UTF-8"?>
<testsuites name="test suit" time="68" tests="1" failures="1" errors="0">
   <testsuite name="test suit" tests="1" failures="1" errors="0" time="68" timestamp="2018-09-19 14:53:39" hostname="rasikama - MUM-SOFT-RASIKA.JDial.com" id="Test Suites/test suit">
      <properties>
         <property name="deviceName" value=""/>
         <property name="devicePlatform" value=""/>
         <property name="logFolder" value="C:\\Users\\rasikama\\Katalon Studio\\test\\Reports\\test suit\\20180919_145337"/>
         <property name="logFiles" value="C:\\Users\\rasikama\\Katalon Studio\\test\\Reports\\test suit\\20180919_145337\\execution0.log"/>
         <property name="attachments" value="C:\\Users\\rasikama\\Katalon Studio\\test\\Reports\\test suit\\20180919_145337\\1537349054774.png"/>
         <property name="hostName" value="rasikama - MUM-SOFT-RASIKA.JDial.com"/>
         <property name="os" value="Windows 10 64bit"/>
         <property name="katalonVersion" value="5.6.1.1"/>
         <property name="browser" value="Chrome 68.0.3440.106"/>
         <property name="hostAddress" value="172.29.132.66"/>
         <property name="sessionId" value="58504adad3aed2a04fb69afc6c0705d1"/>
         <property name="seleniumVersion" value="3.7.1"/>
         <property name="proxyInformation" value="ProxyInformation{proxyOption=NO_PROXY, proxyServerType=HTTP, password=, proxyServerAddress=, proxyServerPort=0}"/>
         <property name="platform" value="Windows 10"/>
      </properties>
      <testcase name="Test Cases/Purchase_Order" classname="Test Cases/Purchase_Order" status="FAILED">
         <failure type="FAILED" message="Unable to wait for object 'Object Repository/Add a Product/category_suggestions' to be visible (Root cause: org.openqa.selenium.StaleElementReferenceException: stale element reference: element is not attached to the page document
  (Session info: chrome=68.0.3440.106)
  (Driver info: chromedriver=2.35.528161 (5b82f2d2aae0ca24b877009200ced9065a772e73),platform=Windows NT 10.0.17134 x86_64) (WARNING: The server did not provide any stacktrace information)
Command duration or timeout: 0 milliseconds
For documentation on this error, please visit: http://seleniumhq.org/exceptions/stale_element_reference.html
Build info: version: '3.7.1', revision: '8a0099a', time: '2017-11-06T21:07:36.161Z'
System info: host: 'MUM-SOFT-RASIKA', ip: '172.29.132.66', os.name: 'Windows 10', os.arch: 'amd64', os.version: '10.0', java.version: '1.8.0_181'
Driver info: com.kms.katalon.selenium.driver.CChromeDriver
Capabilities {acceptInsecureCerts: false, acceptSslCerts: false, applicationCacheEnabled: false, browserConnectionEnabled: false, browserName: chrome, chrome: {chromedriverVersion: 2.35.528161 (5b82f2d2aae0ca..., userDataDir: C:\Users\rasikama\AppData\L...}, cssSelectorsEnabled: true, databaseEnabled: false, handlesAlerts: true, hasTouchScreen: false, javascriptEnabled: true, locationContextEnabled: true, mobileEmulationEnabled: false, nativeEvents: true, networkConnectionEnabled: false, pageLoadStrategy: normal, platform: XP, platformName: XP, rotatable: false, setWindowRect: true, takesHeapSnapshot: true, takesScreenshot: true, unexpectedAlertBehaviour: , unhandledPromptBehavior: , version: 68.0.3440.106, webStorageEnabled: true}
Session ID: 8e2b0602560f57d659348253cb3fd2fd)"/>
         <system-out><![CDATA[2018-09-19 14:53:39 - [TEST_CASE][FAILED] - Test Cases/Purchase_Order: Test Cases/Purchase_Order FAILED because (of) Unable to wait for object 'Object Repository/Add a Product/category_suggestions' to be visible (Root cause: org.openqa.selenium.StaleElementReferenceException: stale element reference: element is not attached to the page document
  (Session info: chrome=68.0.3440.106)
  (Driver info: chromedriver=2.35.528161 (5b82f2d2aae0ca24b877009200ced9065a772e73),platform=Windows NT 10.0.17134 x86_64) (WARNING: The server did not provide any stacktrace information)
Command duration or timeout: 0 milliseconds
For documentation on this error, please visit: http://seleniumhq.org/exceptions/stale_element_reference.html
Build info: version: '3.7.1', revision: '8a0099a', time: '2017-11-06T21:07:36.161Z'
System info: host: 'MUM-SOFT-RASIKA', ip: '172.29.132.66', os.name: 'Windows 10', os.arch: 'amd64', os.version: '10.0', java.version: '1.8.0_181'
Driver info: com.kms.katalon.selenium.driver.CChromeDriver
Capabilities {acceptInsecureCerts: false, acceptSslCerts: false, applicationCacheEnabled: false, browserConnectionEnabled: false, browserName: chrome, chrome: {chromedriverVersion: 2.35.528161 (5b82f2d2aae0ca..., userDataDir: C:\Users\rasikama\AppData\L...}, cssSelectorsEnabled: true, databaseEnabled: false, handlesAlerts: true, hasTouchScreen: false, javascriptEnabled: true, locationContextEnabled: true, mobileEmulationEnabled: false, nativeEvents: true, networkConnectionEnabled: false, pageLoadStrategy: normal, platform: XP, platformName: XP, rotatable: false, setWindowRect: true, takesHeapSnapshot: true, takesScreenshot: true, unexpectedAlertBehaviour: , unhandledPromptBehavior: , version: 68.0.3440.106, webStorageEnabled: true}
Session ID: 8e2b0602560f57d659348253cb3fd2fd)

2018-09-19 14:53:40 - [TEST_STEP][PASSED] - openBrowser: Browser is opened with url: ''

2018-09-19 14:53:43 - [MESSAGE][PASSED] - Browser is opened with url: ''

2018-09-19 14:53:43 - [TEST_STEP][PASSED] - navigateToUrl: Navigate to 'https://www.jdomni.com/' successfully

2018-09-19 14:53:48 - [MESSAGE][PASSED] - Navigate to 'https://www.jdomni.com/' successfully

2018-09-19 14:53:48 - [TEST_STEP][PASSED] - waitForElementPresent: Object 'Object Repository/Jd Omni_LoginPage/input_password' is present

2018-09-19 14:53:49 - [MESSAGE][PASSED] - Object 'Object Repository/Jd Omni_LoginPage/input_password' is present

2018-09-19 14:53:49 - [TEST_STEP][PASSED] - setText: Text '9987419837' is set on object 'Object Repository/Jd Omni_LoginPage/input_username'

2018-09-19 14:53:49 - [MESSAGE][PASSED] - Text '9987419837' is set on object 'Object Repository/Jd Omni_LoginPage/input_username'

2018-09-19 14:53:49 - [TEST_STEP][PASSED] - setText: Text 'password' is set on object 'Object Repository/Jd Omni_LoginPage/input_password'

2018-09-19 14:53:49 - [MESSAGE][PASSED] - Text 'password' is set on object 'Object Repository/Jd Omni_LoginPage/input_password'

2018-09-19 14:53:49 - [TEST_STEP][PASSED] - click: Object: 'Object Repository/Jd Omni_LoginPage/button_LOGIN' is clicked on

2018-09-19 14:53:50 - [MESSAGE][PASSED] - Object: 'Object Repository/Jd Omni_LoginPage/button_LOGIN' is clicked on

2018-09-19 14:53:50 - [TEST_STEP][PASSED] - click: Object: 'Object Repository/Page_Supplier Login/span_Rasika_Travels' is clicked on

2018-09-19 14:53:51 - [MESSAGE][PASSED] - Object: 'Object Repository/Page_Supplier Login/span_Rasika_Travels' is clicked on

2018-09-19 14:53:51 - [TEST_STEP][PASSED] - click: Object: 'Object Repository/Page_Supplier Login/span_Select Store' is clicked on

2018-09-19 14:53:51 - [MESSAGE][PASSED] - Object: 'Object Repository/Page_Supplier Login/span_Select Store' is clicked on

2018-09-19 14:53:51 - [TEST_STEP][NOT_RUN] - waitForElementPresent: NOT_RUN: waitForElementPresent

2018-09-19 14:53:51 - [MESSAGE][NOT_RUN] - NOT_RUN: waitForElementPresent

2018-09-19 14:53:51 - [TEST_STEP][PASSED] - waitForElementVisible: Object 'Object Repository/Home_Page/notification modal (1)' is visible

2018-09-19 14:54:03 - [MESSAGE][PASSED] - Object 'Object Repository/Home_Page/notification modal (1)' is visible

2018-09-19 14:54:03 - [TEST_STEP][PASSED] - waitForPageLoad: Wait for page load successfully

2018-09-19 14:54:03 - [MESSAGE][PASSED] - Wait for page load successfully

2018-09-19 14:54:03 - [TEST_STEP][PASSED] - click: Object: 'Object Repository/Home_Page/button_NOT NOW' is clicked on

2018-09-19 14:54:03 - [MESSAGE][PASSED] - Object: 'Object Repository/Home_Page/button_NOT NOW' is clicked on

2018-09-19 14:54:03 - [TEST_STEP][PASSED] - click: Object: 'Object Repository/Home_Page/side Menu burger' is clicked on

2018-09-19 14:54:03 - [MESSAGE][PASSED] - Object: 'Object Repository/Home_Page/side Menu burger' is clicked on

2018-09-19 14:54:03 - [TEST_STEP][PASSED] - waitForElementVisible: Object 'Object Repository/Home_Page/span_Stock' is visible

2018-09-19 14:54:04 - [MESSAGE][PASSED] - Object 'Object Repository/Home_Page/span_Stock' is visible

2018-09-19 14:54:04 - [TEST_STEP][PASSED] - click: Object: 'Object Repository/Home_Page/span_Stock' is clicked on

2018-09-19 14:54:04 - [MESSAGE][PASSED] - Object: 'Object Repository/Home_Page/span_Stock' is clicked on

2018-09-19 14:54:04 - [TEST_STEP][PASSED] - click: Object: 'Object Repository/Page_Rasika_Travels/span_Purchases' is clicked on

2018-09-19 14:54:04 - [MESSAGE][PASSED] - Object: 'Object Repository/Page_Rasika_Travels/span_Purchases' is clicked on

2018-09-19 14:54:04 - [TEST_STEP][PASSED] - waitForElementNotVisible: Object 'Object Repository/Add a Product/landingPageLoader' is NOT visible

2018-09-19 14:54:05 - [MESSAGE][PASSED] - Object 'Object Repository/Add a Product/landingPageLoader' is NOT visible

2018-09-19 14:54:05 - [TEST_STEP][PASSED] - click: Object: 'Object Repository/Purchases Landing/div_Add Purchase' is clicked on

2018-09-19 14:54:05 - [MESSAGE][PASSED] - Object: 'Object Repository/Purchases Landing/div_Add Purchase' is clicked on

2018-09-19 14:54:05 - [TEST_STEP][PASSED] - setText: Text 'rasika' is set on object 'Object Repository/Add Purchase Order/Search Supplier field'

2018-09-19 14:54:07 - [MESSAGE][PASSED] - Text 'rasika' is set on object 'Object Repository/Add Purchase Order/Search Supplier field'

2018-09-19 14:54:07 - [TEST_STEP][PASSED] - waitForElementNotVisible: Object 'Object Repository/Add a Product/landingPageLoader' is NOT visible

2018-09-19 14:54:09 - [MESSAGE][PASSED] - Object 'Object Repository/Add a Product/landingPageLoader' is NOT visible

2018-09-19 14:54:09 - [TEST_STEP][PASSED] - waitForElementVisible: Object 'Object Repository/Add Purchase Order/supplier Suggestion ' is visible

2018-09-19 14:54:09 - [MESSAGE][PASSED] - Object 'Object Repository/Add Purchase Order/supplier Suggestion ' is visible

2018-09-19 14:54:09 - [TEST_STEP][PASSED] - click: Object: 'Object Repository/Add Purchase Order/supplier Suggestion ' is clicked on

2018-09-19 14:54:09 - [MESSAGE][PASSED] - Object: 'Object Repository/Add Purchase Order/supplier Suggestion ' is clicked on

2018-09-19 14:54:09 - [TEST_STEP][PASSED] - click: Object: 'Object Repository/Add Purchase Order/cross iocn of select prod-supp' is clicked on

2018-09-19 14:54:09 - [MESSAGE][PASSED] - Object: 'Object Repository/Add Purchase Order/cross iocn of select prod-supp' is clicked on

2018-09-19 14:54:09 - [TEST_STEP][PASSED] - setText: Text 'mango' is set on object 'Object Repository/Add Purchase Order/input_searchTermId'

2018-09-19 14:54:09 - [MESSAGE][PASSED] - Text 'mango' is set on object 'Object Repository/Add Purchase Order/input_searchTermId'

2018-09-19 14:54:09 - [TEST_STEP][PASSED] - click: Object: 'Object Repository/Add Purchase Order/p_mango ( l - blue ) -' is clicked on

2018-09-19 14:54:10 - [MESSAGE][PASSED] - Object: 'Object Repository/Add Purchase Order/p_mango ( l - blue ) -' is clicked on

2018-09-19 14:54:10 - [TEST_STEP][PASSED] - setText: Text 'new products' is set on object 'Object Repository/Add Purchase Order/input_searchTermId'

2018-09-19 14:54:11 - [MESSAGE][PASSED] - Text 'new products' is set on object 'Object Repository/Add Purchase Order/input_searchTermId'

2018-09-19 14:54:11 - [TEST_STEP][PASSED] - waitForElementVisible: Object 'Object Repository/Add Purchase Order/li_Create New Product new prod' is visible

2018-09-19 14:54:12 - [MESSAGE][PASSED] - Object 'Object Repository/Add Purchase Order/li_Create New Product new prod' is visible

2018-09-19 14:54:12 - [TEST_STEP][PASSED] - click: Object: 'Object Repository/Add Purchase Order/li_Create New Product new prod' is clicked on

2018-09-19 14:54:12 - [MESSAGE][PASSED] - Object: 'Object Repository/Add Purchase Order/li_Create New Product new prod' is clicked on

2018-09-19 14:54:12 - [TEST_STEP][PASSED] - waitForElementVisible: Object 'Object Repository/Add a Product/create new product' is visible

2018-09-19 14:54:13 - [MESSAGE][PASSED] - Object 'Object Repository/Add a Product/create new product' is visible

2018-09-19 14:54:13 - [TEST_STEP][PASSED] - click: Object: 'Object Repository/Add a Product/create new product' is clicked on

2018-09-19 14:54:14 - [MESSAGE][PASSED] - Object: 'Object Repository/Add a Product/create new product' is clicked on

2018-09-19 14:54:14 - [TEST_STEP][PASSED] - setText: Text 'others' is set on object 'Object Repository/Add Purchase Order/input_inputCatSearchTerm'

2018-09-19 14:54:14 - [MESSAGE][PASSED] - Text 'others' is set on object 'Object Repository/Add Purchase Order/input_inputCatSearchTerm'

2018-09-19 14:54:14 - [TEST_STEP][FAILED] - waitForElementVisible: Unable to wait for object 'Object Repository/Add a Product/category_suggestions' to be visible (Root cause: org.openqa.selenium.StaleElementReferenceException: stale element reference: element is not attached to the page document
  (Session info: chrome=68.0.3440.106)
  (Driver info: chromedriver=2.35.528161 (5b82f2d2aae0ca24b877009200ced9065a772e73),platform=Windows NT 10.0.17134 x86_64) (WARNING: The server did not provide any stacktrace information)
Command duration or timeout: 0 milliseconds
For documentation on this error, please visit: http://seleniumhq.org/exceptions/stale_element_reference.html
Build info: version: '3.7.1', revision: '8a0099a', time: '2017-11-06T21:07:36.161Z'
System info: host: 'MUM-SOFT-RASIKA', ip: '172.29.132.66', os.name: 'Windows 10', os.arch: 'amd64', os.version: '10.0', java.version: '1.8.0_181'
Driver info: com.kms.katalon.selenium.driver.CChromeDriver
Capabilities {acceptInsecureCerts: false, acceptSslCerts: false, applicationCacheEnabled: false, browserConnectionEnabled: false, browserName: chrome, chrome: {chromedriverVersion: 2.35.528161 (5b82f2d2aae0ca..., userDataDir: C:\Users\rasikama\AppData\L...}, cssSelectorsEnabled: true, databaseEnabled: false, handlesAlerts: true, hasTouchScreen: false, javascriptEnabled: true, locationContextEnabled: true, mobileEmulationEnabled: false, nativeEvents: true, networkConnectionEnabled: false, pageLoadStrategy: normal, platform: XP, platformName: XP, rotatable: false, setWindowRect: true, takesHeapSnapshot: true, takesScreenshot: true, unexpectedAlertBehaviour: , unhandledPromptBehavior: , version: 68.0.3440.106, webStorageEnabled: true}
Session ID: 8e2b0602560f57d659348253cb3fd2fd)

2018-09-19 14:54:15 - [MESSAGE][FAILED] - Unable to wait for object 'Object Repository/Add a Product/category_suggestions' to be visible (Root cause: org.openqa.selenium.StaleElementReferenceException: stale element reference: element is not attached to the page document
  (Session info: chrome=68.0.3440.106)
  (Driver info: chromedriver=2.35.528161 (5b82f2d2aae0ca24b877009200ced9065a772e73),platform=Windows NT 10.0.17134 x86_64) (WARNING: The server did not provide any stacktrace information)
Command duration or timeout: 0 milliseconds
For documentation on this error, please visit: http://seleniumhq.org/exceptions/stale_element_reference.html
Build info: version: '3.7.1', revision: '8a0099a', time: '2017-11-06T21:07:36.161Z'
System info: host: 'MUM-SOFT-RASIKA', ip: '172.29.132.66', os.name: 'Windows 10', os.arch: 'amd64', os.version: '10.0', java.version: '1.8.0_181'
Driver info: com.kms.katalon.selenium.driver.CChromeDriver
Capabilities {acceptInsecureCerts: false, acceptSslCerts: false, applicationCacheEnabled: false, browserConnectionEnabled: false, browserName: chrome, chrome: {chromedriverVersion: 2.35.528161 (5b82f2d2aae0ca..., userDataDir: C:\Users\rasikama\AppData\L...}, cssSelectorsEnabled: true, databaseEnabled: false, handlesAlerts: true, hasTouchScreen: false, javascriptEnabled: true, locationContextEnabled: true, mobileEmulationEnabled: false, nativeEvents: true, networkConnectionEnabled: false, pageLoadStrategy: normal, platform: XP, platformName: XP, rotatable: false, setWindowRect: true, takesHeapSnapshot: true, takesScreenshot: true, unexpectedAlertBehaviour: , unhandledPromptBehavior: , version: 68.0.3440.106, webStorageEnabled: true}
Session ID: 8e2b0602560f57d659348253cb3fd2fd)
[[ATTACHMENT|C:\\Users\\rasikama\\Katalon Studio\\test\\Reports\\test suit\\20180919_145337\\1537349054774.png]]]]></system-out>
         <system-err><![CDATA[2018-09-19 14:53:39 - [TEST_CASE][FAILED] - Test Cases/Purchase_Order: Test Cases/Purchase_Order FAILED because (of) Unable to wait for object 'Object Repository/Add a Product/category_suggestions' to be visible (Root cause: org.openqa.selenium.StaleElementReferenceException: stale element reference: element is not attached to the page document
  (Session info: chrome=68.0.3440.106)
  (Driver info: chromedriver=2.35.528161 (5b82f2d2aae0ca24b877009200ced9065a772e73),platform=Windows NT 10.0.17134 x86_64) (WARNING: The server did not provide any stacktrace information)
Command duration or timeout: 0 milliseconds
For documentation on this error, please visit: http://seleniumhq.org/exceptions/stale_element_reference.html
Build info: version: '3.7.1', revision: '8a0099a', time: '2017-11-06T21:07:36.161Z'
System info: host: 'MUM-SOFT-RASIKA', ip: '172.29.132.66', os.name: 'Windows 10', os.arch: 'amd64', os.version: '10.0', java.version: '1.8.0_181'
Driver info: com.kms.katalon.selenium.driver.CChromeDriver
Capabilities {acceptInsecureCerts: false, acceptSslCerts: false, applicationCacheEnabled: false, browserConnectionEnabled: false, browserName: chrome, chrome: {chromedriverVersion: 2.35.528161 (5b82f2d2aae0ca..., userDataDir: C:\Users\rasikama\AppData\L...}, cssSelectorsEnabled: true, databaseEnabled: false, handlesAlerts: true, hasTouchScreen: false, javascriptEnabled: true, locationContextEnabled: true, mobileEmulationEnabled: false, nativeEvents: true, networkConnectionEnabled: false, pageLoadStrategy: normal, platform: XP, platformName: XP, rotatable: false, setWindowRect: true, takesHeapSnapshot: true, takesScreenshot: true, unexpectedAlertBehaviour: , unhandledPromptBehavior: , version: 68.0.3440.106, webStorageEnabled: true}
Session ID: 8e2b0602560f57d659348253cb3fd2fd)]]></system-err>
      </testcase>
      <testcase name="Test Cases/Add a Product" classname="Test Cases/Add a Product" status="PASSED">
         <system-out><![CDATA[2018-09-19 14:54:15 - [TEST_CASE][PASSED] - Test Cases/Add a Product: Test Cases/Add a Product

2018-09-19 14:54:15 - [TEST_STEP][PASSED] - openBrowser: Browser is opened with url: ''

2018-09-19 14:54:15 - [MESSAGE][WARNING] - A browser is already opened. Closing browser and opening a new one

2018-09-19 14:54:18 - [MESSAGE][PASSED] - Browser is opened with url: ''

2018-09-19 14:54:18 - [TEST_STEP][PASSED] - navigateToUrl: Navigate to 'https://www.jdomni.com/' successfully

2018-09-19 14:54:24 - [MESSAGE][PASSED] - Navigate to 'https://www.jdomni.com/' successfully

2018-09-19 14:54:24 - [TEST_STEP][PASSED] - waitForElementPresent: Object 'Object Repository/Jd Omni_LoginPage/input_password' is present

2018-09-19 14:54:25 - [MESSAGE][PASSED] - Object 'Object Repository/Jd Omni_LoginPage/input_password' is present

2018-09-19 14:54:25 - [TEST_STEP][PASSED] - setText: Text '9987419837' is set on object 'Object Repository/Jd Omni_LoginPage/input_username'

2018-09-19 14:54:25 - [MESSAGE][PASSED] - Text '9987419837' is set on object 'Object Repository/Jd Omni_LoginPage/input_username'

2018-09-19 14:54:25 - [TEST_STEP][PASSED] - setText: Text 'password' is set on object 'Object Repository/Jd Omni_LoginPage/input_password'

2018-09-19 14:54:25 - [MESSAGE][PASSED] - Text 'password' is set on object 'Object Repository/Jd Omni_LoginPage/input_password'

2018-09-19 14:54:25 - [TEST_STEP][PASSED] - click: Object: 'Object Repository/Jd Omni_LoginPage/button_LOGIN' is clicked on

2018-09-19 14:54:25 - [MESSAGE][PASSED] - Object: 'Object Repository/Jd Omni_LoginPage/button_LOGIN' is clicked on

2018-09-19 14:54:25 - [TEST_STEP][PASSED] - click: Object: 'Object Repository/Page_Supplier Login/span_Rasika_Travels' is clicked on

2018-09-19 14:54:27 - [MESSAGE][PASSED] - Object: 'Object Repository/Page_Supplier Login/span_Rasika_Travels' is clicked on

2018-09-19 14:54:27 - [TEST_STEP][PASSED] - click: Object: 'Object Repository/Page_Supplier Login/span_Select Store' is clicked on

2018-09-19 14:54:27 - [MESSAGE][PASSED] - Object: 'Object Repository/Page_Supplier Login/span_Select Store' is clicked on

2018-09-19 14:54:27 - [TEST_STEP][NOT_RUN] - waitForAlert: NOT_RUN: waitForAlert

2018-09-19 14:54:27 - [MESSAGE][NOT_RUN] - NOT_RUN: waitForAlert

2018-09-19 14:54:27 - [TEST_STEP][NOT_RUN] - dismissAlert: NOT_RUN: dismissAlert

2018-09-19 14:54:27 - [MESSAGE][NOT_RUN] - NOT_RUN: dismissAlert

2018-09-19 14:54:27 - [TEST_STEP][NOT_RUN] - acceptAlert: NOT_RUN: acceptAlert

2018-09-19 14:54:27 - [MESSAGE][NOT_RUN] - NOT_RUN: acceptAlert

2018-09-19 14:54:27 - [TEST_STEP][NOT_RUN] - waitForElementNotPresent: NOT_RUN: waitForElementNotPresent

2018-09-19 14:54:27 - [MESSAGE][NOT_RUN] - NOT_RUN: waitForElementNotPresent

2018-09-19 14:54:27 - [TEST_STEP][PASSED] - waitForElementPresent: Object 'Object Repository/Home_Page/notification modal (1)' is present

2018-09-19 14:54:30 - [MESSAGE][PASSED] - Object 'Object Repository/Home_Page/notification modal (1)' is present

2018-09-19 14:54:30 - [TEST_STEP][PASSED] - waitForElementVisible: Object 'Object Repository/Home_Page/notification modal (1)' is visible

2018-09-19 14:54:38 - [MESSAGE][PASSED] - Object 'Object Repository/Home_Page/notification modal (1)' is visible

2018-09-19 14:54:38 - [TEST_STEP][PASSED] - waitForPageLoad: Wait for page load successfully

2018-09-19 14:54:38 - [MESSAGE][PASSED] - Wait for page load successfully

2018-09-19 14:54:38 - [TEST_STEP][NOT_RUN] - waitForElementVisible: NOT_RUN: waitForElementVisible

2018-09-19 14:54:38 - [MESSAGE][NOT_RUN] - NOT_RUN: waitForElementVisible

2018-09-19 14:54:38 - [TEST_STEP][PASSED] - click: Object: 'Object Repository/Home_Page/button_NOT NOW' is clicked on

2018-09-19 14:54:38 - [MESSAGE][PASSED] - Object: 'Object Repository/Home_Page/button_NOT NOW' is clicked on

2018-09-19 14:54:38 - [TEST_STEP][PASSED] - click: Object: 'Object Repository/Home_Page/side Menu burger' is clicked on

2018-09-19 14:54:38 - [MESSAGE][PASSED] - Object: 'Object Repository/Home_Page/side Menu burger' is clicked on

2018-09-19 14:54:38 - [TEST_STEP][PASSED] - waitForElementVisible: Object 'Object Repository/Home_Page/span_Stock' is visible

2018-09-19 14:54:39 - [MESSAGE][PASSED] - Object 'Object Repository/Home_Page/span_Stock' is visible

2018-09-19 14:54:39 - [TEST_STEP][PASSED] - click: Object: 'Object Repository/Home_Page/span_Stock' is clicked on

2018-09-19 14:54:39 - [MESSAGE][PASSED] - Object: 'Object Repository/Home_Page/span_Stock' is clicked on

2018-09-19 14:54:39 - [TEST_STEP][PASSED] - click: Object: 'Object Repository/Home_Page/span_Products' is clicked on

2018-09-19 14:54:39 - [MESSAGE][PASSED] - Object: 'Object Repository/Home_Page/span_Products' is clicked on

2018-09-19 14:54:39 - [TEST_STEP][PASSED] - waitForPageLoad: Wait for page load successfully

2018-09-19 14:54:39 - [MESSAGE][PASSED] - Wait for page load successfully

2018-09-19 14:54:39 - [TEST_STEP][PASSED] - waitForElementNotVisible: Object 'Object Repository/Add a Product/landingPageLoader' is NOT visible

2018-09-19 14:54:42 - [MESSAGE][PASSED] - Object 'Object Repository/Add a Product/landingPageLoader' is NOT visible

2018-09-19 14:54:42 - [TEST_STEP][NOT_RUN] - waitForElementVisible: NOT_RUN: waitForElementVisible

2018-09-19 14:54:42 - [MESSAGE][NOT_RUN] - NOT_RUN: waitForElementVisible

2018-09-19 14:54:42 - [TEST_STEP][PASSED] - waitForElementVisible: Object 'Object Repository/Add a Product/div_Add New Product' is visible

2018-09-19 14:54:42 - [MESSAGE][PASSED] - Object 'Object Repository/Add a Product/div_Add New Product' is visible

2018-09-19 14:54:42 - [TEST_STEP][PASSED] - click: Object: 'Object Repository/Add a Product/div_Add New Product' is clicked on

2018-09-19 14:54:42 - [MESSAGE][PASSED] - Object: 'Object Repository/Add a Product/div_Add New Product' is clicked on

2018-09-19 14:54:42 - [TEST_STEP][PASSED] - click: Object: 'Object Repository/Add a Product/span_Add Product One-by-One' is clicked on

2018-09-19 14:54:42 - [MESSAGE][PASSED] - Object: 'Object Repository/Add a Product/span_Add Product One-by-One' is clicked on

2018-09-19 14:54:42 - [TEST_STEP][PASSED] - waitForElementVisible: Object 'Object Repository/Add a Product/input_productName' is visible

2018-09-19 14:54:43 - [MESSAGE][PASSED] - Object 'Object Repository/Add a Product/input_productName' is visible

2018-09-19 14:54:43 - [TEST_STEP][PASSED] - setText: Text 'mango' is set on object 'Object Repository/Add a Product/input_productName'

2018-09-19 14:54:43 - [MESSAGE][PASSED] - Text 'mango' is set on object 'Object Repository/Add a Product/input_productName'

2018-09-19 14:54:43 - [TEST_STEP][PASSED] - waitForElementVisible: Object 'Object Repository/Add a Product/create new product' is visible

2018-09-19 14:54:44 - [MESSAGE][PASSED] - Object 'Object Repository/Add a Product/create new product' is visible

2018-09-19 14:54:44 - [TEST_STEP][PASSED] - click: Object: 'Object Repository/Add a Product/create new product' is clicked on

2018-09-19 14:54:44 - [MESSAGE][PASSED] - Object: 'Object Repository/Add a Product/create new product' is clicked on

2018-09-19 14:54:44 - [TEST_STEP][PASSED] - waitForElementVisible: Object 'Object Repository/Add a Product/product type' is visible

2018-09-19 14:54:44 - [MESSAGE][PASSED] - Object 'Object Repository/Add a Product/product type' is visible

2018-09-19 14:54:44 - [TEST_STEP][PASSED] - setText: Text 'others' is set on object 'Object Repository/Add a Product/product type'

2018-09-19 14:54:45 - [MESSAGE][PASSED] - Text 'others' is set on object 'Object Repository/Add a Product/product type'

2018-09-19 14:54:45 - [TEST_STEP][PASSED] - waitForElementVisible: Object 'Object Repository/Add a Product/category_suggestions' is visible

2018-09-19 14:54:45 - [MESSAGE][PASSED] - Object 'Object Repository/Add a Product/category_suggestions' is visible

2018-09-19 14:54:45 - [TEST_STEP][PASSED] - click: Object: 'Object Repository/Add a Product/category_suggestions' is clicked on

2018-09-19 14:54:46 - [MESSAGE][PASSED] - Object: 'Object Repository/Add a Product/category_suggestions' is clicked on

2018-09-19 14:54:46 - [TEST_STEP][NOT_RUN] - scrollToElement: NOT_RUN: scrollToElement

2018-09-19 14:54:46 - [MESSAGE][NOT_RUN] - NOT_RUN: scrollToElement

2018-09-19 14:54:46 - [TEST_STEP][PASSED] - waitForElementVisible: Object 'Object Repository/Add a Product/input_newQuantity' is visible

2018-09-19 14:54:46 - [MESSAGE][PASSED] - Object 'Object Repository/Add a Product/input_newQuantity' is visible

2018-09-19 14:54:46 - [TEST_STEP][PASSED] - setText: Text '100' is set on object 'Object Repository/Add a Product/input_newQuantity'

2018-09-19 14:54:46 - [MESSAGE][PASSED] - Text '100' is set on object 'Object Repository/Add a Product/input_newQuantity'

2018-09-19 14:54:46 - [TEST_STEP][PASSED] - setText: Text '100' is set on object 'Object Repository/Add a Product/input_newmrp'

2018-09-19 14:54:46 - [MESSAGE][PASSED] - Text '100' is set on object 'Object Repository/Add a Product/input_newmrp'

2018-09-19 14:54:46 - [TEST_STEP][PASSED] - setText: Text '100' is set on object 'Object Repository/Add a Product/input_form-control ng-valid ng'

2018-09-19 14:54:46 - [MESSAGE][PASSED] - Text '100' is set on object 'Object Repository/Add a Product/input_form-control ng-valid ng'

2018-09-19 14:54:46 - [TEST_STEP][PASSED] - setText: Text '100' is set on object 'Object Repository/Add a Product/input_newcostPrice'

2018-09-19 14:54:47 - [MESSAGE][PASSED] - Text '100' is set on object 'Object Repository/Add a Product/input_newcostPrice'

2018-09-19 14:54:47 - [TEST_STEP][PASSED] - click: Object: 'Object Repository/Add a Product/span_Save Product' is clicked on

2018-09-19 14:54:47 - [MESSAGE][PASSED] - Object: 'Object Repository/Add a Product/span_Save Product' is clicked on

2018-09-19 14:54:47 - [TEST_STEP][PASSED] - closeBrowser: Browser is closed

2018-09-19 14:54:48 - [MESSAGE][PASSED] - Browser is closed]]></system-out>
         <system-err><![CDATA[]]></system-err>
      </testcase>
      <system-out><![CDATA[2018-09-19 14:53:39 - [TEST_SUITE][FAILED] - test suit: Test Cases/Purchase_Order FAILED because (of) Unable to wait for object 'Object Repository/Add a Product/category_suggestions' to be visible (Root cause: org.openqa.selenium.StaleElementReferenceException: stale element reference: element is not attached to the page document
  (Session info: chrome=68.0.3440.106)
  (Driver info: chromedriver=2.35.528161 (5b82f2d2aae0ca24b877009200ced9065a772e73),platform=Windows NT 10.0.17134 x86_64) (WARNING: The server did not provide any stacktrace information)
Command duration or timeout: 0 milliseconds
For documentation on this error, please visit: http://seleniumhq.org/exceptions/stale_element_reference.html
Build info: version: '3.7.1', revision: '8a0099a', time: '2017-11-06T21:07:36.161Z'
System info: host: 'MUM-SOFT-RASIKA', ip: '172.29.132.66', os.name: 'Windows 10', os.arch: 'amd64', os.version: '10.0', java.version: '1.8.0_181'
Driver info: com.kms.katalon.selenium.driver.CChromeDriver
Capabilities {acceptInsecureCerts: false, acceptSslCerts: false, applicationCacheEnabled: false, browserConnectionEnabled: false, browserName: chrome, chrome: {chromedriverVersion: 2.35.528161 (5b82f2d2aae0ca..., userDataDir: C:\Users\rasikama\AppData\L...}, cssSelectorsEnabled: true, databaseEnabled: false, handlesAlerts: true, hasTouchScreen: false, javascriptEnabled: true, locationContextEnabled: true, mobileEmulationEnabled: false, nativeEvents: true, networkConnectionEnabled: false, pageLoadStrategy: normal, platform: XP, platformName: XP, rotatable: false, setWindowRect: true, takesHeapSnapshot: true, takesScreenshot: true, unexpectedAlertBehaviour: , unhandledPromptBehavior: , version: 68.0.3440.106, webStorageEnabled: true}
Session ID: 8e2b0602560f57d659348253cb3fd2fd)]]></system-out>
      <system-err><![CDATA[2018-09-19 14:53:39 - [TEST_SUITE][FAILED] - test suit: Test Cases/Purchase_Order FAILED because (of) Unable to wait for object 'Object Repository/Add a Product/category_suggestions' to be visible (Root cause: org.openqa.selenium.StaleElementReferenceException: stale element reference: element is not attached to the page document
  (Session info: chrome=68.0.3440.106)
  (Driver info: chromedriver=2.35.528161 (5b82f2d2aae0ca24b877009200ced9065a772e73),platform=Windows NT 10.0.17134 x86_64) (WARNING: The server did not provide any stacktrace information)
Command duration or timeout: 0 milliseconds
For documentation on this error, please visit: http://seleniumhq.org/exceptions/stale_element_reference.html
Build info: version: '3.7.1', revision: '8a0099a', time: '2017-11-06T21:07:36.161Z'
System info: host: 'MUM-SOFT-RASIKA', ip: '172.29.132.66', os.name: 'Windows 10', os.arch: 'amd64', os.version: '10.0', java.version: '1.8.0_181'
Driver info: com.kms.katalon.selenium.driver.CChromeDriver
Capabilities {acceptInsecureCerts: false, acceptSslCerts: false, applicationCacheEnabled: false, browserConnectionEnabled: false, browserName: chrome, chrome: {chromedriverVersion: 2.35.528161 (5b82f2d2aae0ca..., userDataDir: C:\Users\rasikama\AppData\L...}, cssSelectorsEnabled: true, databaseEnabled: false, handlesAlerts: true, hasTouchScreen: false, javascriptEnabled: true, locationContextEnabled: true, mobileEmulationEnabled: false, nativeEvents: true, networkConnectionEnabled: false, pageLoadStrategy: normal, platform: XP, platformName: XP, rotatable: false, setWindowRect: true, takesHeapSnapshot: true, takesScreenshot: true, unexpectedAlertBehaviour: , unhandledPromptBehavior: , version: 68.0.3440.106, webStorageEnabled: true}
Session ID: 8e2b0602560f57d659348253cb3fd2fd)]]></system-err>
   </testsuite>
</testsuites>
